<?xml version="1.0" encoding="UTF-8"?>
<robot generator="Robot 4.1.3 (Python 3.10.0 on win32)" generated="20211221 12:19:58.670" rpa="false" schemaversion="2">
<suite id="s1" name="Tc12 GoogleMapAPI" source="C:\Development\robot-scripts\APIAutomation\TestCases\Tc12_GoogleMapAPI.robot">
<test id="s1-t1" name="Tc_12 GoogleMapPlacesAPITC">
<kw name="Create Session" library="RequestsLibrary">
<arg>mysession</arg>
<arg>${base_url}</arg>
<doc>Create Session: create a HTTP session to a server</doc>
<msg timestamp="20211221 12:19:58.875" level="INFO">Creating Session using : alias=mysession, url=https://maps.googleapis.com, headers={},                     cookies={}, auth=None, timeout=None, proxies=None, verify=False,                     debug=0 </msg>
<status status="PASS" starttime="20211221 12:19:58.875" endtime="20211221 12:19:58.875"/>
</kw>
<kw name="Create Dictionary" library="BuiltIn">
<var>${params}</var>
<arg>location=-33.8670522,151.1957362</arg>
<arg>radius=500</arg>
<arg>types=food</arg>
<arg>name=harbour</arg>
<arg>key=AIzaSyDZbrBQ5l07PhumCEj9oPYeB_Y1PAxC1HE</arg>
<doc>Creates and returns a dictionary based on the given ``items``.</doc>
<msg timestamp="20211221 12:19:58.875" level="INFO">${params} = {'location': '-33.8670522,151.1957362', 'radius': '500', 'types': 'food', 'name': 'harbour', 'key': 'AIzaSyDZbrBQ5l07PhumCEj9oPYeB_Y1PAxC1HE'}</msg>
<status status="PASS" starttime="20211221 12:19:58.875" endtime="20211221 12:19:58.875"/>
</kw>
<kw name="Get Request" library="RequestsLibrary">
<var>${response}</var>
<arg>mysession</arg>
<arg>${req_uri}</arg>
<arg>params=${params}</arg>
<doc>*DEPRECATED* Please use `GET On Session` instead.</doc>
<msg timestamp="20211221 12:19:58.875" level="WARN">Keyword 'RequestsLibrary.Get Request' is deprecated. Please use `GET On Session` instead.</msg>
<msg timestamp="20211221 12:19:59.164" level="INFO">GET Request : url=https://maps.googleapis.com/maps/api/place/nearbysearch/json?location=-33.8670522%2C151.1957362&amp;radius=500&amp;types=food&amp;name=harbour&amp;key=AIzaSyDZbrBQ5l07PhumCEj9oPYeB_Y1PAxC1HE 
 path_url=/maps/api/place/nearbysearch/json?location=-33.8670522%2C151.1957362&amp;radius=500&amp;types=food&amp;name=harbour&amp;key=AIzaSyDZbrBQ5l07PhumCEj9oPYeB_Y1PAxC1HE 
 headers={'User-Agent': 'python-requests/2.26.0', 'Accept-Encoding': 'gzip, deflate', 'Accept': '*/*', 'Connection': 'keep-alive'} 
 body=None 
 </msg>
<msg timestamp="20211221 12:19:59.164" level="INFO">GET Response : url=https://maps.googleapis.com/maps/api/place/nearbysearch/json?location=-33.8670522%2C151.1957362&amp;radius=500&amp;types=food&amp;name=harbour&amp;key=AIzaSyDZbrBQ5l07PhumCEj9oPYeB_Y1PAxC1HE 
 status=200, reason=OK 
 headers={'Content-Type': 'application/json; charset=UTF-8', 'Date': 'Tue, 21 Dec 2021 11:19:59 GMT', 'Pragma': 'no-cache', 'Expires': 'Fri, 01 Jan 1990 00:00:00 GMT', 'Cache-Control': 'no-cache, must-revalidate', 'Vary': 'Accept-Language', 'Content-Encoding': 'gzip', 'Server': 'scaffolding on HTTPServer2', 'X-XSS-Protection': '0', 'X-Frame-Options': 'SAMEORIGIN', 'Server-Timing': 'gfet4t7; dur=23', 'Alt-Svc': 'h3=":443"; ma=2592000,h3-29=":443"; ma=2592000,h3-Q050=":443"; ma=2592000,h3-Q046=":443"; ma=2592000,h3-Q043=":443"; ma=2592000,quic=":443"; ma=2592000; v="46,43"', 'Transfer-Encoding': 'chunked'} 
 body={
   "error_message" : "You must enable Billing on the Google Cloud Project at https://console.cloud.google.com/project/_/billing/enable Learn more at https://developers.google.com/maps/gmp-get-started",
   "html_attributions" : [],
   "results" : [],
   "status" : "REQUEST_DENIED"
}
 
 </msg>
<msg timestamp="20211221 12:19:59.164" level="INFO">C:\Users\IsmailÖzkan\AppData\Local\Programs\Python\Python310\lib\site-packages\urllib3\connectionpool.py:1013: InsecureRequestWarning: Unverified HTTPS request is being made to host 'maps.googleapis.com'. Adding certificate verification is strongly advised. See: https://urllib3.readthedocs.io/en/1.26.x/advanced-usage.html#ssl-warnings
  warnings.warn(</msg>
<msg timestamp="20211221 12:19:59.164" level="INFO">${response} = &lt;Response [200]&gt;</msg>
<status status="PASS" starttime="20211221 12:19:58.875" endtime="20211221 12:19:59.164"/>
</kw>
<kw name="Log To Console" library="BuiltIn">
<arg>${response.status_code}</arg>
<doc>Logs the given message to the console.</doc>
<status status="PASS" starttime="20211221 12:19:59.164" endtime="20211221 12:19:59.164"/>
</kw>
<kw name="Log To Console" library="BuiltIn">
<arg>${response.content}</arg>
<doc>Logs the given message to the console.</doc>
<status status="PASS" starttime="20211221 12:19:59.164" endtime="20211221 12:19:59.164"/>
</kw>
<status status="PASS" starttime="20211221 12:19:58.875" endtime="20211221 12:19:59.164"/>
</test>
<status status="PASS" starttime="20211221 12:19:58.678" endtime="20211221 12:19:59.173"/>
</suite>
<statistics>
<total>
<stat pass="1" fail="0" skip="0">All Tests</stat>
</total>
<tag>
</tag>
<suite>
<stat pass="1" fail="0" skip="0" id="s1" name="Tc12 GoogleMapAPI">Tc12 GoogleMapAPI</stat>
</suite>
</statistics>
<errors>
<msg timestamp="20211221 12:19:58.875" level="WARN">Keyword 'RequestsLibrary.Get Request' is deprecated. Please use `GET On Session` instead.</msg>
</errors>
</robot>
